<?xml version="1.0" encoding="UTF-8"?>
<robot generator="Robot 6.1.1 (Python 3.12.0 on darwin)" generated="20240131 21:38:17.101" rpa="false" schemaversion="4">
<suite id="s1" name="Test" source="/Applications/XAMPP/xamppfiles/htdocs/Software-Engineer-group5/Project/PrestaShop/automate-test/test.robot">
<test id="s1-t1" name="Open Oder Tracking Page" line="15">
<kw name="Open Browser To Store Page" library="resource">
<kw name="Open Browser" library="SeleniumLibrary">
<arg>${STORE URL}</arg>
<arg>${BROWSER}</arg>
<doc>Opens a new browser instance to the optional ``url``.</doc>
<msg timestamp="20240131 21:38:17.188" level="INFO">Opening browser 'Chrome' to base url 'http://localhost:8080/en/'.</msg>
<status status="PASS" starttime="20240131 21:38:17.188" endtime="20240131 21:38:20.263"/>
</kw>
<kw name="Set Selenium Speed" library="SeleniumLibrary">
<arg>${DELAY}</arg>
<doc>Sets the delay that is waited after each Selenium command.</doc>
<status status="PASS" starttime="20240131 21:38:20.265" endtime="20240131 21:38:20.267"/>
</kw>
<kw name="Maximize Browser Window" library="SeleniumLibrary">
<doc>Maximizes current browser window.</doc>
<status status="PASS" starttime="20240131 21:38:20.267" endtime="20240131 21:38:20.673"/>
</kw>
<kw name="Title Should Be" library="SeleniumLibrary">
<arg>Computing Store</arg>
<doc>Verifies that the current page title equals ``title``.</doc>
<msg timestamp="20240131 21:38:20.678" level="INFO">Page title is 'Computing Store'.</msg>
<status status="PASS" starttime="20240131 21:38:20.673" endtime="20240131 21:38:20.678"/>
</kw>
<status status="PASS" starttime="20240131 21:38:17.187" endtime="20240131 21:38:20.678"/>
</kw>
<kw name="Store Page Should Be Open" library="resource">
<kw name="Location Should Be" library="SeleniumLibrary">
<arg>${STORE URL}</arg>
<doc>Verifies that the current URL is exactly ``url``.</doc>
<msg timestamp="20240131 21:38:20.681" level="INFO">Current location is 'http://localhost:8080/en/'.</msg>
<status status="PASS" starttime="20240131 21:38:20.679" endtime="20240131 21:38:20.681"/>
</kw>
<kw name="Title Should Be" library="SeleniumLibrary">
<arg>Computing Store</arg>
<doc>Verifies that the current page title equals ``title``.</doc>
<msg timestamp="20240131 21:38:20.683" level="INFO">Page title is 'Computing Store'.</msg>
<status status="PASS" starttime="20240131 21:38:20.681" endtime="20240131 21:38:20.683"/>
</kw>
<status status="PASS" starttime="20240131 21:38:20.678" endtime="20240131 21:38:20.683"/>
</kw>
<kw name="Click Element" library="SeleniumLibrary">
<arg>lnk-order-tracking</arg>
<doc>Click the element identified by ``locator``.</doc>
<msg timestamp="20240131 21:38:20.684" level="INFO">Clicking element 'lnk-order-tracking'.</msg>
<status status="PASS" starttime="20240131 21:38:20.683" endtime="20240131 21:38:20.956"/>
</kw>
<kw name="Location Should Be" library="SeleniumLibrary">
<arg>http://localhost:8080/en/guest-tracking</arg>
<doc>Verifies that the current URL is exactly ``url``.</doc>
<msg timestamp="20240131 21:38:20.963" level="INFO">Current location is 'http://localhost:8080/en/guest-tracking'.</msg>
<status status="PASS" starttime="20240131 21:38:20.956" endtime="20240131 21:38:20.964"/>
</kw>
<status status="PASS" starttime="20240131 21:38:17.187" endtime="20240131 21:38:20.964"/>
</test>
<doc>A test suite with a single test for valid login.

This test has a workflow that is created using keywords in
the imported resource file.</doc>
<status status="PASS" starttime="20240131 21:38:17.103" endtime="20240131 21:38:20.965"/>
</suite>
<statistics>
<total>
<stat pass="1" fail="0" skip="0">All Tests</stat>
</total>
<tag>
</tag>
<suite>
<stat pass="1" fail="0" skip="0" id="s1" name="Test">Test</stat>
</suite>
</statistics>
<errors>
</errors>
</robot>
